Log file open, 06/01/23 23:53:11
LogWindows: Failed to load 'aqProf.dll' (GetLastError=126)
LogWindows: File 'aqProf.dll' does not exist
LogWindows: Failed to load 'VtuneApi.dll' (GetLastError=126)
LogWindows: File 'VtuneApi.dll' does not exist
LogWindows: Failed to load 'VtuneApi32e.dll' (GetLastError=126)
LogWindows: File 'VtuneApi32e.dll' does not exist
LogConsoleResponse: Display: Failed to find resolution value strings in scalability ini. Falling back to default.
LogConsoleResponse: Display: Failed to find resolution value strings in scalability ini. Falling back to default.
LogInit: Display: Running engine for game: MazeGame
LogInit: Display: Project file not found: ../../../MazeGame/MazeGame.uproject
LogInit: Display: 	Attempting to find via project info helper.
LogUProjectInfo: Found projects:
LogPakFile: Display: Found Pak file ../../../MazeGame/Content/Paks/MazeGame-WindowsNoEditor.pak attempting to mount.
LogPakFile: Display: Mounting pak file ../../../MazeGame/Content/Paks/MazeGame-WindowsNoEditor.pak.
LogPakFile: PakFile PrimaryIndexSize=27286
LogPakFile: PakFile PathHashIndexSize=45702
LogPakFile: PakFile FullDirectoryIndexSize=57557
LogShaderLibrary: Display: ShaderCodeLibraryPakFileMountedCallback: PakFile '../../../MazeGame/Content/Paks/MazeGame-WindowsNoEditor.pak' (chunk index -1, root '../../../') mounted
LogShaderLibrary: Display: ShaderCodeLibraryPakFileMountedCallback: pending pak file info (ChunkID:-1 Root:../../../ File:../../../MazeGame/Content/Paks/MazeGame-WindowsNoEditor.pak)
LogPakFile: OnPakFileMounted2Time == 0.000111
LogPlatformFile: Not using cached read wrapper
LogTaskGraph: Started task graph with 5 named threads and 35 total threads with 3 sets of task threads.
LogStats: Stats thread started at 0.145619
LogICUInternationalization: ICU TimeZone Detection - Raw Offset: +1:00, Platform Override: ''
LogInit: Display: Loading text-based GConfig....
LogPluginManager: Mounting plugin Paper2D
LogPluginManager: Mounting plugin AISupport
LogPluginManager: Mounting plugin EnvironmentQueryEditor
LogPluginManager: Mounting plugin LightPropagationVolume
LogPluginManager: Mounting plugin CameraShakePreviewer
LogPluginManager: Mounting plugin GameplayCameras
LogPluginManager: Mounting plugin TemplateSequence
LogPluginManager: Mounting plugin LevelSequenceEditor
LogPluginManager: Mounting plugin OodleData
LogPluginManager: Mounting plugin OodleNetwork
LogPluginManager: Mounting plugin AnimationSharing
LogPluginManager: Mounting plugin SignificanceManager
LogPluginManager: Mounting plugin PixWinPlugin
LogPluginManager: Mounting plugin PluginUtils
LogPluginManager: Mounting plugin PropertyAccessEditor
LogPluginManager: Mounting plugin UObjectPlugin
LogPluginManager: Mounting plugin AssetManagerEditor
LogPluginManager: Mounting plugin FacialAnimation
LogPluginManager: Mounting plugin GeometryMode
LogPluginManager: Mounting plugin SpeedTreeImporter
LogPluginManager: Mounting plugin DatasmithContent
LogPluginManager: Mounting plugin VariantManagerContent
LogPluginManager: Mounting plugin AlembicImporter
LogPluginManager: Mounting plugin GeometryCache
LogPluginManager: Mounting plugin AutomationUtils
LogPluginManager: Mounting plugin ScreenshotTools
LogPluginManager: Mounting plugin BackChannel
LogPluginManager: Mounting plugin ChaosClothEditor
LogPluginManager: Mounting plugin ChaosCloth
LogPluginManager: Mounting plugin ChaosEditor
LogPluginManager: Mounting plugin PlanarCut
LogPluginManager: Mounting plugin GeometryProcessing
LogPluginManager: Mounting plugin EditableMesh
LogPluginManager: Mounting plugin GeometryCollectionPlugin
LogPluginManager: Mounting plugin ProceduralMeshComponent
LogPluginManager: Mounting plugin ChaosSolverPlugin
LogPluginManager: Mounting plugin ChaosNiagara
LogPluginManager: Mounting plugin Niagara
LogPluginManager: Mounting plugin PythonScriptPlugin
LogPluginManager: Mounting plugin CharacterAI
LogPluginManager: Mounting plugin MotoSynth
LogPluginManager: Mounting plugin OpenImageDenoise
LogPluginManager: Mounting plugin PlatformCrypto
LogPluginManager: Mounting plugin MagicLeapPassableWorld
LogPluginManager: Mounting plugin MagicLeap
LogPluginManager: Mounting plugin MLSDK
LogPluginManager: Mounting plugin MagicLeapLightEstimation
LogPluginManager: Mounting plugin AvfMedia
LogPluginManager: Mounting plugin ImgMedia
LogPluginManager: Mounting plugin MediaCompositing
LogPluginManager: Mounting plugin WmfMedia
LogPluginManager: Mounting plugin MeshPainting
LogPluginManager: Mounting plugin TcpMessaging
LogPluginManager: Mounting plugin UdpMessaging
LogPluginManager: Mounting plugin ActorSequence
LogPluginManager: Mounting plugin MatineeToLevelSequence
LogPluginManager: Mounting plugin OnlineSubsystemNull
LogPluginManager: Mounting plugin OnlineSubsystem
LogPluginManager: Mounting plugin OnlineSubsystemUtils
LogPluginManager: Mounting plugin LauncherChunkInstaller
LogPluginManager: Mounting plugin ActorLayerUtilities
LogPluginManager: Mounting plugin AndroidPermission
LogPluginManager: Mounting plugin AppleImageUtils
LogPluginManager: Mounting plugin ArchVisCharacter
LogPluginManager: Mounting plugin AssetTags
LogPluginManager: Mounting plugin AudioCapture
LogPluginManager: Mounting plugin CableComponent
LogPluginManager: Mounting plugin ChunkDownloader
LogPluginManager: Mounting plugin CustomMeshComponent
LogPluginManager: Mounting plugin ExampleDeviceProfileSelector
LogPluginManager: Mounting plugin GooglePAD
LogPluginManager: Mounting plugin LocationServicesBPLibrary
LogPluginManager: Mounting plugin MobilePatchingUtils
LogPluginManager: Mounting plugin OculusVR
LogPluginManager: Mounting plugin OpenXREyeTracker
LogPluginManager: Mounting plugin OpenXR
LogPluginManager: Mounting plugin OpenXRHandTracking
LogPluginManager: Mounting plugin LiveLink
LogPluginManager: Mounting plugin Takes
LogPluginManager: Mounting plugin PhysXVehicles
LogPluginManager: Mounting plugin RuntimePhysXCooking
LogPluginManager: Mounting plugin SoundFields
LogPluginManager: Mounting plugin SteamVR
LogPluginManager: Mounting plugin Synthesis
LogPluginManager: Mounting plugin AudioSynesthesia
LogPluginManager: Mounting plugin WebMMoviePlayer
LogPluginManager: Mounting plugin WebMMedia
LogPluginManager: Mounting plugin WindowsMoviePlayer
PixWinPlugin: PIX capture plugin failed to initialize! Check that the process is launched from PIX.
LogLuminAPIImpl: Warning: MLSDK not found.  This likely means the MLSDK environment variable is not set.
LogInit: Using libcurl 7.55.1-DEV
LogInit:  - built for x86_64-pc-win32
LogInit:  - supports SSL with OpenSSL/1.1.1
LogInit:  - supports HTTP deflate (compression) using libz 1.2.8
LogInit:  - other features:
LogInit:      CURL_VERSION_SSL
LogInit:      CURL_VERSION_LIBZ
LogInit:      CURL_VERSION_IPV6
LogInit:      CURL_VERSION_ASYNCHDNS
LogInit:      CURL_VERSION_LARGEFILE
LogInit:      CURL_VERSION_IDN
LogInit:  CurlRequestOptions (configurable via config and command line):
LogInit:  - bVerifyPeer = true  - Libcurl will verify peer certificate
LogInit:  - bUseHttpProxy = false  - Libcurl will NOT use HTTP proxy
LogInit:  - bDontReuseConnections = false  - Libcurl will reuse connections
LogInit:  - MaxHostConnections = 16  - Libcurl will limit the number of connections to a host
LogInit:  - LocalHostAddr = Default
LogInit:  - BufferSize = 65536
LogOnline: OSS: Creating online subsystem instance for: NULL
LogInit: WinSock: version 1.1 (2.2), MaxSocks=32767, MaxUdp=65467
LogOnline: OSS: TryLoadSubsystemAndSetDefault: Loaded subsystem for module [NULL]
LogOculusPluginWrapper: OculusPlugin initialized successfully
LogHMD: Failed initializing OVRPlugin 1.59.0
LogInit: Build: ++UE4+Release-4.27-CL-18319896
LogInit: Engine Version: 4.27.2-18319896+++UE4+Release-4.27
LogInit: Compatible Engine Version: 4.27.0-17155196+++UE4+Release-4.27
LogInit: Net CL: 17155196
LogInit: OS: Windows 10 (Release 2009) (), CPU: AMD Ryzen 5 1600X Six-Core Processor           , GPU: NVIDIA GeForce GTX 1050 Ti
LogInit: Compiled (64-bit): Nov 30 2021 07:26:28
LogInit: Compiled with Visual C++: 19.16.27032.01
LogInit: Build Configuration: Development
LogInit: Branch Name: ++UE4+Release-4.27
LogInit: Command Line: 
LogInit: Base Directory: C:/Users/domim/OneDrive/Dokumenty/GITHUB/MMROK1MazeGame/MazeGame/MazeGame/WindowsNoEditor/Engine/Binaries/Win64/
LogInit: Allocator: binned2
LogInit: Installed Engine Build: 0
LogDevObjectVersion: Number of dev versions registered: 29
LogDevObjectVersion:   Dev-Blueprints (B0D832E4-1F89-4F0D-ACCF-7EB736FD4AA2): 10
LogDevObjectVersion:   Dev-Build (E1C64328-A22C-4D53-A36C-8E866417BD8C): 0
LogDevObjectVersion:   Dev-Core (375EC13C-06E4-48FB-B500-84F0262A717E): 4
LogDevObjectVersion:   Dev-Editor (E4B068ED-F494-42E9-A231-DA0B2E46BB41): 40
LogDevObjectVersion:   Dev-Framework (CFFC743F-43B0-4480-9391-14DF171D2073): 37
LogDevObjectVersion:   Dev-Mobile (B02B49B5-BB20-44E9-A304-32B752E40360): 3
LogDevObjectVersion:   Dev-Networking (A4E4105C-59A1-49B5-A7C5-40C4547EDFEE): 0
LogDevObjectVersion:   Dev-Online (39C831C9-5AE6-47DC-9A44-9C173E1C8E7C): 0
LogDevObjectVersion:   Dev-Physics (78F01B33-EBEA-4F98-B9B4-84EACCB95AA2): 14
LogDevObjectVersion:   Dev-Platform (6631380F-2D4D-43E0-8009-CF276956A95A): 0
LogDevObjectVersion:   Dev-Rendering (12F88B9F-8875-4AFC-A67C-D90C383ABD29): 45
LogDevObjectVersion:   Dev-Sequencer (7B5AE74C-D270-4C10-A958-57980B212A5A): 13
LogDevObjectVersion:   Dev-VR (D7296918-1DD6-4BDD-9DE2-64A83CC13884): 3
LogDevObjectVersion:   Dev-LoadTimes (C2A15278-BFE7-4AFE-6C17-90FF531DF755): 1
LogDevObjectVersion:   Private-Geometry (6EACA3D4-40EC-4CC1-B786-8BED09428FC5): 3
LogDevObjectVersion:   Dev-AnimPhys (29E575DD-E0A3-4627-9D10-D276232CDCEA): 17
LogDevObjectVersion:   Dev-Anim (AF43A65D-7FD3-4947-9873-3E8ED9C1BB05): 15
LogDevObjectVersion:   Dev-ReflectionCapture (6B266CEC-1EC7-4B8F-A30B-E4D90942FC07): 1
LogDevObjectVersion:   Dev-Automation (0DF73D61-A23F-47EA-B727-89E90C41499A): 1
LogDevObjectVersion:   FortniteMain (601D1886-AC64-4F84-AA16-D3DE0DEAC7D6): 47
LogDevObjectVersion:   FortniteRelease (E7086368-6B23-4C58-8439-1B7016265E91): 1
LogDevObjectVersion:   Dev-Enterprise (9DFFBCD6-494F-0158-E221-12823C92A888): 10
LogDevObjectVersion:   Dev-Niagara (F2AED0AC-9AFE-416F-8664-AA7FFA26D6FC): 1
LogDevObjectVersion:   Dev-Destruction (174F1F0B-B4C6-45A5-B13F-2EE8D0FB917D): 10
LogDevObjectVersion:   Dev-Physics-Ext (35F94A83-E258-406C-A318-09F59610247C): 41
LogDevObjectVersion:   Dev-PhysicsMaterial-Chaos (B68FC16E-8B1B-42E2-B453-215C058844FE): 1
LogDevObjectVersion:   Dev-CineCamera (B2E18506-4273-CFC2-A54E-F4BB758BBA07): 1
LogDevObjectVersion:   Dev-VirtualProduction (64F58936-FD1B-42BA-BA96-7289D5D0FA4E): 1
LogDevObjectVersion:   Dev-MediaFramework (6F0ED827-A609-4895-9C91-998D90180EA4): 2
LogInit: Presizing for max 2097152 objects, including 1 objects not considered by GC, pre-allocating 0 bytes for permanent pool.
LogConfig: Applying CVar settings from Section [/Script/Engine.StreamingSettings] File [../../../MazeGame/Saved/Config/WindowsNoEditor/Engine.ini]
LogConfig: Setting CVar [[s.MinBulkDataSizeForAsyncLoading:131072]]
LogConfig: Setting CVar [[s.AsyncLoadingThreadEnabled:0]]
LogConfig: Setting CVar [[s.EventDrivenLoaderEnabled:1]]
LogConfig: Setting CVar [[s.WarnIfTimeLimitExceeded:0]]
LogConfig: Setting CVar [[s.TimeLimitExceededMultiplier:1.5]]
LogConfig: Setting CVar [[s.TimeLimitExceededMinTime:0.005]]
LogConfig: Setting CVar [[s.UseBackgroundLevelStreaming:1]]
LogConfig: Setting CVar [[s.PriorityAsyncLoadingExtraTime:15.0]]
LogConfig: Setting CVar [[s.LevelStreamingActorsUpdateTimeLimit:5.0]]
LogConfig: Setting CVar [[s.PriorityLevelStreamingActorsUpdateExtraTime:5.0]]
LogConfig: Setting CVar [[s.LevelStreamingComponentsRegistrationGranularity:10]]
LogConfig: Setting CVar [[s.UnregisterComponentsTimeLimit:1.0]]
LogConfig: Setting CVar [[s.LevelStreamingComponentsUnregistrationGranularity:5]]
LogConfig: Setting CVar [[s.FlushStreamingOnExit:1]]
LogStreaming: Display: Async Loading initialized: Event Driven Loader: true, Async Loading Thread: false, Async Post Load: true
LogInit: Object subsystem initialized
LogConfig: Setting CVar [[con.DebugEarlyDefault:1]]
LogConfig: Setting CVar [[r.setres:1280x720]]
LogConfig: Setting CVar [[fx.NiagaraAllowRuntimeScalabilityChanges:1]]
[2023.06.01-21.53.11:834][  0]LogConfig: Setting CVar [[con.DebugEarlyDefault:1]]
[2023.06.01-21.53.11:834][  0]LogConfig: Setting CVar [[r.setres:1280x720]]
[2023.06.01-21.53.11:834][  0]LogConfig: Setting CVar [[fx.NiagaraAllowRuntimeScalabilityChanges:1]]
[2023.06.01-21.53.11:835][  0]LogConfig: Applying CVar settings from Section [/Script/Engine.RendererSettings] File [../../../MazeGame/Saved/Config/WindowsNoEditor/Engine.ini]
[2023.06.01-21.53.11:835][  0]LogConfig: Setting CVar [[r.GPUCrashDebugging:0]]
[2023.06.01-21.53.11:835][  0]LogConfig: Applying CVar settings from Section [/Script/Engine.RendererOverrideSettings] File [../../../MazeGame/Saved/Config/WindowsNoEditor/Engine.ini]
[2023.06.01-21.53.11:835][  0]LogConfig: Applying CVar settings from Section [/Script/Engine.StreamingSettings] File [../../../MazeGame/Saved/Config/WindowsNoEditor/Engine.ini]
[2023.06.01-21.53.11:835][  0]LogConfig: Setting CVar [[s.MinBulkDataSizeForAsyncLoading:131072]]
[2023.06.01-21.53.11:835][  0]LogConfig: Setting CVar [[s.AsyncLoadingThreadEnabled:0]]
[2023.06.01-21.53.11:835][  0]LogConfig: Setting CVar [[s.EventDrivenLoaderEnabled:1]]
[2023.06.01-21.53.11:835][  0]LogConfig: Setting CVar [[s.WarnIfTimeLimitExceeded:0]]
[2023.06.01-21.53.11:835][  0]LogConfig: Setting CVar [[s.TimeLimitExceededMultiplier:1.5]]
[2023.06.01-21.53.11:835][  0]LogConfig: Setting CVar [[s.TimeLimitExceededMinTime:0.005]]
[2023.06.01-21.53.11:835][  0]LogConfig: Setting CVar [[s.UseBackgroundLevelStreaming:1]]
[2023.06.01-21.53.11:835][  0]LogConfig: Setting CVar [[s.PriorityAsyncLoadingExtraTime:15.0]]
[2023.06.01-21.53.11:835][  0]LogConfig: Setting CVar [[s.LevelStreamingActorsUpdateTimeLimit:5.0]]
[2023.06.01-21.53.11:835][  0]LogConfig: Setting CVar [[s.PriorityLevelStreamingActorsUpdateExtraTime:5.0]]
[2023.06.01-21.53.11:835][  0]LogConfig: Setting CVar [[s.LevelStreamingComponentsRegistrationGranularity:10]]
[2023.06.01-21.53.11:835][  0]LogConfig: Setting CVar [[s.UnregisterComponentsTimeLimit:1.0]]
[2023.06.01-21.53.11:835][  0]LogConfig: Setting CVar [[s.LevelStreamingComponentsUnregistrationGranularity:5]]
[2023.06.01-21.53.11:835][  0]LogConfig: Setting CVar [[s.FlushStreamingOnExit:1]]
[2023.06.01-21.53.11:835][  0]LogConfig: Applying CVar settings from Section [/Script/Engine.GarbageCollectionSettings] File [../../../MazeGame/Saved/Config/WindowsNoEditor/Engine.ini]
[2023.06.01-21.53.11:835][  0]LogConfig: Setting CVar [[gc.MaxObjectsNotConsideredByGC:1]]
[2023.06.01-21.53.11:835][  0]LogConfig: Setting CVar [[gc.SizeOfPermanentObjectPool:0]]
[2023.06.01-21.53.11:835][  0]LogConfig: Setting CVar [[gc.FlushStreamingOnGC:0]]
[2023.06.01-21.53.11:835][  0]LogConfig: Setting CVar [[gc.NumRetriesBeforeForcingGC:10]]
[2023.06.01-21.53.11:835][  0]LogConfig: Setting CVar [[gc.AllowParallelGC:1]]
[2023.06.01-21.53.11:835][  0]LogConfig: Setting CVar [[gc.TimeBetweenPurgingPendingKillObjects:61.1]]
[2023.06.01-21.53.11:835][  0]LogConfig: Setting CVar [[gc.MaxObjectsInEditor:25165824]]
[2023.06.01-21.53.11:835][  0]LogConfig: Setting CVar [[gc.IncrementalBeginDestroyEnabled:1]]
[2023.06.01-21.53.11:836][  0]LogConfig: Setting CVar [[gc.CreateGCClusters:1]]
[2023.06.01-21.53.11:836][  0]LogConfig: Setting CVar [[gc.MinGCClusterSize:5]]
[2023.06.01-21.53.11:836][  0]LogConfig: Setting CVar [[gc.ActorClusteringEnabled:0]]
[2023.06.01-21.53.11:836][  0]LogConfig: Setting CVar [[gc.BlueprintClusteringEnabled:0]]
[2023.06.01-21.53.11:836][  0]LogConfig: Setting CVar [[gc.UseDisregardForGCOnDedicatedServers:0]]
[2023.06.01-21.53.11:836][  0]LogConfig: Setting CVar [[gc.MultithreadedDestructionEnabled:1]]
[2023.06.01-21.53.11:836][  0]LogConfig: Applying CVar settings from Section [/Script/Engine.NetworkSettings] File [../../../MazeGame/Saved/Config/WindowsNoEditor/Engine.ini]
[2023.06.01-21.53.11:846][  0]LogConfig: Applying CVar settings from Section [ViewDistanceQuality@3] File [../../../MazeGame/Saved/Config/WindowsNoEditor/Scalability.ini]
[2023.06.01-21.53.11:846][  0]LogConfig: Setting CVar [[r.SkeletalMeshLODBias:0]]
[2023.06.01-21.53.11:846][  0]LogConfig: Setting CVar [[r.ViewDistanceScale:1.0]]
[2023.06.01-21.53.11:846][  0]LogConfig: Applying CVar settings from Section [AntiAliasingQuality@3] File [../../../MazeGame/Saved/Config/WindowsNoEditor/Scalability.ini]
[2023.06.01-21.53.11:846][  0]LogConfig: Setting CVar [[r.PostProcessAAQuality:4]]
[2023.06.01-21.53.11:846][  0]LogConfig: Applying CVar settings from Section [ShadowQuality@3] File [../../../MazeGame/Saved/Config/WindowsNoEditor/Scalability.ini]
[2023.06.01-21.53.11:847][  0]LogConfig: Setting CVar [[r.LightFunctionQuality:1]]
[2023.06.01-21.53.11:847][  0]LogConfig: Setting CVar [[r.ShadowQuality:5]]
[2023.06.01-21.53.11:847][  0]LogConfig: Setting CVar [[r.Shadow.CSM.MaxCascades:10]]
[2023.06.01-21.53.11:847][  0]LogConfig: Setting CVar [[r.Shadow.MaxResolution:2048]]
[2023.06.01-21.53.11:847][  0]LogConfig: Setting CVar [[r.Shadow.MaxCSMResolution:2048]]
[2023.06.01-21.53.11:847][  0]LogConfig: Setting CVar [[r.Shadow.RadiusThreshold:0.01]]
[2023.06.01-21.53.11:847][  0]LogConfig: Setting CVar [[r.Shadow.DistanceScale:1.0]]
[2023.06.01-21.53.11:847][  0]LogConfig: Setting CVar [[r.Shadow.CSM.TransitionScale:1.0]]
[2023.06.01-21.53.11:847][  0]LogConfig: Setting CVar [[r.Shadow.PreShadowResolutionFactor:1.0]]
[2023.06.01-21.53.11:847][  0]LogConfig: Setting CVar [[r.DistanceFieldShadowing:1]]
[2023.06.01-21.53.11:847][  0]LogConfig: Setting CVar [[r.DistanceFieldAO:1]]
[2023.06.01-21.53.11:847][  0]LogConfig: Setting CVar [[r.AOQuality:2]]
[2023.06.01-21.53.11:847][  0]LogConfig: Setting CVar [[r.VolumetricFog:1]]
[2023.06.01-21.53.11:847][  0]LogConfig: Setting CVar [[r.VolumetricFog.GridPixelSize:8]]
[2023.06.01-21.53.11:847][  0]LogConfig: Setting CVar [[r.VolumetricFog.GridSizeZ:128]]
[2023.06.01-21.53.11:847][  0]LogConfig: Setting CVar [[r.VolumetricFog.HistoryMissSupersampleCount:4]]
[2023.06.01-21.53.11:847][  0]LogConfig: Setting CVar [[r.LightMaxDrawDistanceScale:1]]
[2023.06.01-21.53.11:847][  0]LogConfig: Setting CVar [[r.CapsuleShadows:1]]
[2023.06.01-21.53.11:847][  0]LogConfig: Applying CVar settings from Section [PostProcessQuality@3] File [../../../MazeGame/Saved/Config/WindowsNoEditor/Scalability.ini]
[2023.06.01-21.53.11:847][  0]LogConfig: Setting CVar [[r.MotionBlurQuality:4]]
[2023.06.01-21.53.11:847][  0]LogConfig: Setting CVar [[r.AmbientOcclusionMipLevelFactor:0.4]]
[2023.06.01-21.53.11:847][  0]LogConfig: Setting CVar [[r.AmbientOcclusionMaxQuality:100]]
[2023.06.01-21.53.11:847][  0]LogConfig: Setting CVar [[r.AmbientOcclusionLevels:-1]]
[2023.06.01-21.53.11:847][  0]LogConfig: Setting CVar [[r.AmbientOcclusionRadiusScale:1.0]]
[2023.06.01-21.53.11:847][  0]LogConfig: Setting CVar [[r.DepthOfFieldQuality:2]]
[2023.06.01-21.53.11:847][  0]LogConfig: Setting CVar [[r.RenderTargetPoolMin:400]]
[2023.06.01-21.53.11:847][  0]LogConfig: Setting CVar [[r.LensFlareQuality:2]]
[2023.06.01-21.53.11:848][  0]LogConfig: Setting CVar [[r.SceneColorFringeQuality:1]]
[2023.06.01-21.53.11:848][  0]LogConfig: Setting CVar [[r.EyeAdaptationQuality:2]]
[2023.06.01-21.53.11:848][  0]LogConfig: Setting CVar [[r.BloomQuality:5]]
[2023.06.01-21.53.11:848][  0]LogConfig: Setting CVar [[r.FastBlurThreshold:100]]
[2023.06.01-21.53.11:848][  0]LogConfig: Setting CVar [[r.Upscale.Quality:3]]
[2023.06.01-21.53.11:848][  0]LogConfig: Setting CVar [[r.Tonemapper.GrainQuantization:1]]
[2023.06.01-21.53.11:848][  0]LogConfig: Setting CVar [[r.LightShaftQuality:1]]
[2023.06.01-21.53.11:848][  0]LogConfig: Setting CVar [[r.Filter.SizeScale:1]]
[2023.06.01-21.53.11:848][  0]LogConfig: Setting CVar [[r.Tonemapper.Quality:5]]
[2023.06.01-21.53.11:848][  0]LogConfig: Setting CVar [[r.DOF.Gather.AccumulatorQuality:1        ; higher gathering accumulator quality]]
[2023.06.01-21.53.11:848][  0]LogConfig: Setting CVar [[r.DOF.Gather.PostfilterMethod:1          ; Median3x3 postfilering method]]
[2023.06.01-21.53.11:848][  0]LogConfig: Setting CVar [[r.DOF.Gather.EnableBokehSettings:0       ; no bokeh simulation when gathering]]
[2023.06.01-21.53.11:848][  0]LogConfig: Setting CVar [[r.DOF.Gather.RingCount:4                 ; medium number of samples when gathering]]
[2023.06.01-21.53.11:848][  0]LogConfig: Setting CVar [[r.DOF.Scatter.ForegroundCompositing:1    ; additive foreground scattering]]
[2023.06.01-21.53.11:848][  0]LogConfig: Setting CVar [[r.DOF.Scatter.BackgroundCompositing:2    ; additive background scattering]]
[2023.06.01-21.53.11:848][  0]LogConfig: Setting CVar [[r.DOF.Scatter.EnableBokehSettings:1      ; bokeh simulation when scattering]]
[2023.06.01-21.53.11:848][  0]LogConfig: Setting CVar [[r.DOF.Scatter.MaxSpriteRatio:0.1         ; only a maximum of 10% of scattered bokeh]]
[2023.06.01-21.53.11:848][  0]LogConfig: Setting CVar [[r.DOF.Recombine.Quality:1                ; cheap slight out of focus]]
[2023.06.01-21.53.11:848][  0]LogConfig: Setting CVar [[r.DOF.Recombine.EnableBokehSettings:0    ; no bokeh simulation on slight out of focus]]
[2023.06.01-21.53.11:848][  0]LogConfig: Setting CVar [[r.DOF.TemporalAAQuality:1                ; more stable temporal accumulation]]
[2023.06.01-21.53.11:848][  0]LogConfig: Setting CVar [[r.DOF.Kernel.MaxForegroundRadius:0.025]]
[2023.06.01-21.53.11:848][  0]LogConfig: Setting CVar [[r.DOF.Kernel.MaxBackgroundRadius:0.025]]
[2023.06.01-21.53.11:848][  0]LogConfig: Applying CVar settings from Section [TextureQuality@3] File [../../../MazeGame/Saved/Config/WindowsNoEditor/Scalability.ini]
[2023.06.01-21.53.11:848][  0]LogConfig: Setting CVar [[r.Streaming.MipBias:0]]
[2023.06.01-21.53.11:848][  0]LogConfig: Setting CVar [[r.Streaming.AmortizeCPUToGPUCopy:0]]
[2023.06.01-21.53.11:848][  0]LogConfig: Setting CVar [[r.Streaming.MaxNumTexturesToStreamPerFrame:0]]
[2023.06.01-21.53.11:849][  0]LogConfig: Setting CVar [[r.Streaming.Boost:1]]
[2023.06.01-21.53.11:849][  0]LogConfig: Setting CVar [[r.MaxAnisotropy:8]]
[2023.06.01-21.53.11:849][  0]LogConfig: Setting CVar [[r.VT.MaxAnisotropy:8]]
[2023.06.01-21.53.11:849][  0]LogConfig: Setting CVar [[r.Streaming.LimitPoolSizeToVRAM:0]]
[2023.06.01-21.53.11:849][  0]LogConfig: Setting CVar [[r.Streaming.PoolSize:1000]]
[2023.06.01-21.53.11:849][  0]LogConfig: Setting CVar [[r.Streaming.MaxEffectiveScreenSize:0]]
[2023.06.01-21.53.11:849][  0]LogConfig: Applying CVar settings from Section [EffectsQuality@3] File [../../../MazeGame/Saved/Config/WindowsNoEditor/Scalability.ini]
[2023.06.01-21.53.11:849][  0]LogConfig: Setting CVar [[r.TranslucencyLightingVolumeDim:64]]
[2023.06.01-21.53.11:849][  0]LogConfig: Setting CVar [[r.RefractionQuality:2]]
[2023.06.01-21.53.11:849][  0]LogConfig: Setting CVar [[r.SSR.Quality:3]]
[2023.06.01-21.53.11:849][  0]LogConfig: Setting CVar [[r.SSR.HalfResSceneColor:0]]
[2023.06.01-21.53.11:849][  0]LogConfig: Setting CVar [[r.SceneColorFormat:4]]
[2023.06.01-21.53.11:849][  0]LogConfig: Setting CVar [[r.DetailMode:2]]
[2023.06.01-21.53.11:849][  0]LogConfig: Setting CVar [[r.TranslucencyVolumeBlur:1]]
[2023.06.01-21.53.11:849][  0]LogConfig: Setting CVar [[r.MaterialQualityLevel:1 ; High quality]]
[2023.06.01-21.53.11:849][  0]LogConfig: Setting CVar [[r.AnisotropicMaterials:1]]
[2023.06.01-21.53.11:849][  0]LogConfig: Setting CVar [[r.SSS.Scale:1]]
[2023.06.01-21.53.11:849][  0]LogConfig: Setting CVar [[r.SSS.SampleSet:2]]
[2023.06.01-21.53.11:849][  0]LogConfig: Setting CVar [[r.SSS.Quality:1]]
[2023.06.01-21.53.11:849][  0]LogConfig: Setting CVar [[r.SSS.HalfRes:0]]
[2023.06.01-21.53.11:849][  0]LogConfig: Setting CVar [[r.SSGI.Quality:3]]
[2023.06.01-21.53.11:849][  0]LogConfig: Setting CVar [[r.EmitterSpawnRateScale:1.0]]
[2023.06.01-21.53.11:849][  0]LogConfig: Setting CVar [[r.ParticleLightQuality:2]]
[2023.06.01-21.53.11:849][  0]LogConfig: Setting CVar [[r.SkyAtmosphere.AerialPerspectiveLUT.FastApplyOnOpaque:1 ; Always have FastSkyLUT 1 in this case to avoid wrong sky]]
[2023.06.01-21.53.11:849][  0]LogConfig: Setting CVar [[r.SkyAtmosphere.AerialPerspectiveLUT.SampleCountMaxPerSlice:4]]
[2023.06.01-21.53.11:849][  0]LogConfig: Setting CVar [[r.SkyAtmosphere.AerialPerspectiveLUT.DepthResolution:16.0]]
[2023.06.01-21.53.11:849][  0]LogConfig: Setting CVar [[r.SkyAtmosphere.FastSkyLUT:1]]
[2023.06.01-21.53.11:849][  0]LogConfig: Setting CVar [[r.SkyAtmosphere.FastSkyLUT.SampleCountMin:4.0]]
[2023.06.01-21.53.11:850][  0]LogConfig: Setting CVar [[r.SkyAtmosphere.FastSkyLUT.SampleCountMax:128.0]]
[2023.06.01-21.53.11:850][  0]LogConfig: Setting CVar [[r.SkyAtmosphere.SampleCountMin:4.0]]
[2023.06.01-21.53.11:850][  0]LogConfig: Setting CVar [[r.SkyAtmosphere.SampleCountMax:128.0]]
[2023.06.01-21.53.11:850][  0]LogConfig: Setting CVar [[r.SkyAtmosphere.TransmittanceLUT.UseSmallFormat:0]]
[2023.06.01-21.53.11:850][  0]LogConfig: Setting CVar [[r.SkyAtmosphere.TransmittanceLUT.SampleCount:10.0]]
[2023.06.01-21.53.11:850][  0]LogConfig: Setting CVar [[r.SkyAtmosphere.MultiScatteringLUT.SampleCount:15.0]]
[2023.06.01-21.53.11:850][  0]LogConfig: Setting CVar [[r.SkyLight.RealTimeReflectionCapture:1]]
[2023.06.01-21.53.11:850][  0]LogConfig: Setting CVar [[fx.Niagara.QualityLevel:3]]
[2023.06.01-21.53.11:850][  0]LogConfig: Applying CVar settings from Section [FoliageQuality@3] File [../../../MazeGame/Saved/Config/WindowsNoEditor/Scalability.ini]
[2023.06.01-21.53.11:850][  0]LogConfig: Setting CVar [[foliage.DensityScale:1.0]]
[2023.06.01-21.53.11:850][  0]LogConfig: Setting CVar [[grass.DensityScale:1.0]]
[2023.06.01-21.53.11:850][  0]LogConfig: Applying CVar settings from Section [ShadingQuality@3] File [../../../MazeGame/Saved/Config/WindowsNoEditor/Scalability.ini]
[2023.06.01-21.53.11:850][  0]LogConfig: Setting CVar [[r.HairStrands.SkyLighting.IntegrationType:2]]
[2023.06.01-21.53.11:850][  0]LogConfig: Setting CVar [[r.HairStrands.SkyAO.SampleCount:4]]
[2023.06.01-21.53.11:850][  0]LogConfig: Setting CVar [[r.HairStrands.Visibility.MSAA.SamplePerPixel:4]]
[2023.06.01-21.53.11:851][  0]LogInit: Selected Device Profile: [WindowsNoEditor]
[2023.06.01-21.53.11:851][  0]LogInit: Applying CVar settings loaded from the selected device profile: [WindowsNoEditor]
[2023.06.01-21.53.11:851][  0]LogHAL: Display: Platform has ~ 8 GB [8538746880 / 8589934592 / 8], which maps to Default [LargestMinGB=32, LargerMinGB=12, DefaultMinGB=8, SmallerMinGB=6, SmallestMinGB=0)
[2023.06.01-21.53.11:851][  0]LogInit: Going up to parent DeviceProfile [Windows]
[2023.06.01-21.53.11:851][  0]LogInit: Going up to parent DeviceProfile []
[2023.06.01-21.53.11:851][  0]LogConfig: Applying CVar settings from Section [ViewDistanceQuality@3] File [../../../MazeGame/Saved/Config/WindowsNoEditor/Scalability.ini]
[2023.06.01-21.53.11:851][  0]LogConfig: Setting CVar [[r.SkeletalMeshLODBias:0]]
[2023.06.01-21.53.11:851][  0]LogConfig: Setting CVar [[r.ViewDistanceScale:1.0]]
[2023.06.01-21.53.11:851][  0]LogConfig: Applying CVar settings from Section [AntiAliasingQuality@3] File [../../../MazeGame/Saved/Config/WindowsNoEditor/Scalability.ini]
[2023.06.01-21.53.11:851][  0]LogConfig: Setting CVar [[r.PostProcessAAQuality:4]]
[2023.06.01-21.53.11:851][  0]LogConfig: Applying CVar settings from Section [ShadowQuality@3] File [../../../MazeGame/Saved/Config/WindowsNoEditor/Scalability.ini]
[2023.06.01-21.53.11:851][  0]LogConfig: Setting CVar [[r.LightFunctionQuality:1]]
[2023.06.01-21.53.11:851][  0]LogConfig: Setting CVar [[r.ShadowQuality:5]]
[2023.06.01-21.53.11:851][  0]LogConfig: Setting CVar [[r.Shadow.CSM.MaxCascades:10]]
[2023.06.01-21.53.11:851][  0]LogConfig: Setting CVar [[r.Shadow.MaxResolution:2048]]
[2023.06.01-21.53.11:851][  0]LogConfig: Setting CVar [[r.Shadow.MaxCSMResolution:2048]]
[2023.06.01-21.53.11:851][  0]LogConfig: Setting CVar [[r.Shadow.RadiusThreshold:0.01]]
[2023.06.01-21.53.11:851][  0]LogConfig: Setting CVar [[r.Shadow.DistanceScale:1.0]]
[2023.06.01-21.53.11:851][  0]LogConfig: Setting CVar [[r.Shadow.CSM.TransitionScale:1.0]]
[2023.06.01-21.53.11:851][  0]LogConfig: Setting CVar [[r.Shadow.PreShadowResolutionFactor:1.0]]
[2023.06.01-21.53.11:851][  0]LogConfig: Setting CVar [[r.DistanceFieldShadowing:1]]
[2023.06.01-21.53.11:851][  0]LogConfig: Setting CVar [[r.DistanceFieldAO:1]]
[2023.06.01-21.53.11:851][  0]LogConfig: Setting CVar [[r.AOQuality:2]]
[2023.06.01-21.53.11:852][  0]LogConfig: Setting CVar [[r.VolumetricFog:1]]
[2023.06.01-21.53.11:852][  0]LogConfig: Setting CVar [[r.VolumetricFog.GridPixelSize:8]]
[2023.06.01-21.53.11:852][  0]LogConfig: Setting CVar [[r.VolumetricFog.GridSizeZ:128]]
[2023.06.01-21.53.11:852][  0]LogConfig: Setting CVar [[r.VolumetricFog.HistoryMissSupersampleCount:4]]
[2023.06.01-21.53.11:852][  0]LogConfig: Setting CVar [[r.LightMaxDrawDistanceScale:1]]
[2023.06.01-21.53.11:852][  0]LogConfig: Setting CVar [[r.CapsuleShadows:1]]
[2023.06.01-21.53.11:852][  0]LogConfig: Applying CVar settings from Section [PostProcessQuality@3] File [../../../MazeGame/Saved/Config/WindowsNoEditor/Scalability.ini]
[2023.06.01-21.53.11:852][  0]LogConfig: Setting CVar [[r.MotionBlurQuality:4]]
[2023.06.01-21.53.11:852][  0]LogConfig: Setting CVar [[r.AmbientOcclusionMipLevelFactor:0.4]]
[2023.06.01-21.53.11:852][  0]LogConfig: Setting CVar [[r.AmbientOcclusionMaxQuality:100]]
[2023.06.01-21.53.11:852][  0]LogConfig: Setting CVar [[r.AmbientOcclusionLevels:-1]]
[2023.06.01-21.53.11:852][  0]LogConfig: Setting CVar [[r.AmbientOcclusionRadiusScale:1.0]]
[2023.06.01-21.53.11:852][  0]LogConfig: Setting CVar [[r.DepthOfFieldQuality:2]]
[2023.06.01-21.53.11:852][  0]LogConfig: Setting CVar [[r.RenderTargetPoolMin:400]]
[2023.06.01-21.53.11:852][  0]LogConfig: Setting CVar [[r.LensFlareQuality:2]]
[2023.06.01-21.53.11:852][  0]LogConfig: Setting CVar [[r.SceneColorFringeQuality:1]]
[2023.06.01-21.53.11:852][  0]LogConfig: Setting CVar [[r.EyeAdaptationQuality:2]]
[2023.06.01-21.53.11:852][  0]LogConfig: Setting CVar [[r.BloomQuality:5]]
[2023.06.01-21.53.11:852][  0]LogConfig: Setting CVar [[r.FastBlurThreshold:100]]
[2023.06.01-21.53.11:852][  0]LogConfig: Setting CVar [[r.Upscale.Quality:3]]
[2023.06.01-21.53.11:852][  0]LogConfig: Setting CVar [[r.Tonemapper.GrainQuantization:1]]
[2023.06.01-21.53.11:852][  0]LogConfig: Setting CVar [[r.LightShaftQuality:1]]
[2023.06.01-21.53.11:852][  0]LogConfig: Setting CVar [[r.Filter.SizeScale:1]]
[2023.06.01-21.53.11:852][  0]LogConfig: Setting CVar [[r.Tonemapper.Quality:5]]
[2023.06.01-21.53.11:852][  0]LogConfig: Setting CVar [[r.DOF.Gather.AccumulatorQuality:1        ; higher gathering accumulator quality]]
[2023.06.01-21.53.11:852][  0]LogConfig: Setting CVar [[r.DOF.Gather.PostfilterMethod:1          ; Median3x3 postfilering method]]
[2023.06.01-21.53.11:852][  0]LogConfig: Setting CVar [[r.DOF.Gather.EnableBokehSettings:0       ; no bokeh simulation when gathering]]
[2023.06.01-21.53.11:852][  0]LogConfig: Setting CVar [[r.DOF.Gather.RingCount:4                 ; medium number of samples when gathering]]
[2023.06.01-21.53.11:853][  0]LogConfig: Setting CVar [[r.DOF.Scatter.ForegroundCompositing:1    ; additive foreground scattering]]
[2023.06.01-21.53.11:853][  0]LogConfig: Setting CVar [[r.DOF.Scatter.BackgroundCompositing:2    ; additive background scattering]]
[2023.06.01-21.53.11:853][  0]LogConfig: Setting CVar [[r.DOF.Scatter.EnableBokehSettings:1      ; bokeh simulation when scattering]]
[2023.06.01-21.53.11:853][  0]LogConfig: Setting CVar [[r.DOF.Scatter.MaxSpriteRatio:0.1         ; only a maximum of 10% of scattered bokeh]]
[2023.06.01-21.53.11:853][  0]LogConfig: Setting CVar [[r.DOF.Recombine.Quality:1                ; cheap slight out of focus]]
[2023.06.01-21.53.11:853][  0]LogConfig: Setting CVar [[r.DOF.Recombine.EnableBokehSettings:0    ; no bokeh simulation on slight out of focus]]
[2023.06.01-21.53.11:853][  0]LogConfig: Setting CVar [[r.DOF.TemporalAAQuality:1                ; more stable temporal accumulation]]
[2023.06.01-21.53.11:853][  0]LogConfig: Setting CVar [[r.DOF.Kernel.MaxForegroundRadius:0.025]]
[2023.06.01-21.53.11:853][  0]LogConfig: Setting CVar [[r.DOF.Kernel.MaxBackgroundRadius:0.025]]
[2023.06.01-21.53.11:853][  0]LogConfig: Applying CVar settings from Section [TextureQuality@3] File [../../../MazeGame/Saved/Config/WindowsNoEditor/Scalability.ini]
[2023.06.01-21.53.11:853][  0]LogConfig: Setting CVar [[r.Streaming.MipBias:0]]
[2023.06.01-21.53.11:853][  0]LogConfig: Setting CVar [[r.Streaming.AmortizeCPUToGPUCopy:0]]
[2023.06.01-21.53.11:853][  0]LogConfig: Setting CVar [[r.Streaming.MaxNumTexturesToStreamPerFrame:0]]
[2023.06.01-21.53.11:853][  0]LogConfig: Setting CVar [[r.Streaming.Boost:1]]
[2023.06.01-21.53.11:853][  0]LogConfig: Setting CVar [[r.MaxAnisotropy:8]]
[2023.06.01-21.53.11:853][  0]LogConfig: Setting CVar [[r.VT.MaxAnisotropy:8]]
[2023.06.01-21.53.11:853][  0]LogConfig: Setting CVar [[r.Streaming.LimitPoolSizeToVRAM:0]]
[2023.06.01-21.53.11:853][  0]LogConfig: Setting CVar [[r.Streaming.PoolSize:1000]]
[2023.06.01-21.53.11:853][  0]LogConfig: Setting CVar [[r.Streaming.MaxEffectiveScreenSize:0]]
[2023.06.01-21.53.11:853][  0]LogConfig: Applying CVar settings from Section [EffectsQuality@3] File [../../../MazeGame/Saved/Config/WindowsNoEditor/Scalability.ini]
[2023.06.01-21.53.11:853][  0]LogConfig: Setting CVar [[r.TranslucencyLightingVolumeDim:64]]
[2023.06.01-21.53.11:853][  0]LogConfig: Setting CVar [[r.RefractionQuality:2]]
[2023.06.01-21.53.11:853][  0]LogConfig: Setting CVar [[r.SSR.Quality:3]]
[2023.06.01-21.53.11:853][  0]LogConfig: Setting CVar [[r.SSR.HalfResSceneColor:0]]
[2023.06.01-21.53.11:853][  0]LogConfig: Setting CVar [[r.SceneColorFormat:4]]
[2023.06.01-21.53.11:853][  0]LogConfig: Setting CVar [[r.DetailMode:2]]
[2023.06.01-21.53.11:853][  0]LogConfig: Setting CVar [[r.TranslucencyVolumeBlur:1]]
[2023.06.01-21.53.11:854][  0]LogConfig: Setting CVar [[r.MaterialQualityLevel:1 ; High quality]]
[2023.06.01-21.53.11:854][  0]LogConfig: Setting CVar [[r.AnisotropicMaterials:1]]
[2023.06.01-21.53.11:854][  0]LogConfig: Setting CVar [[r.SSS.Scale:1]]
[2023.06.01-21.53.11:854][  0]LogConfig: Setting CVar [[r.SSS.SampleSet:2]]
[2023.06.01-21.53.11:854][  0]LogConfig: Setting CVar [[r.SSS.Quality:1]]
[2023.06.01-21.53.11:854][  0]LogConfig: Setting CVar [[r.SSS.HalfRes:0]]
[2023.06.01-21.53.11:854][  0]LogConfig: Setting CVar [[r.SSGI.Quality:3]]
[2023.06.01-21.53.11:854][  0]LogConfig: Setting CVar [[r.EmitterSpawnRateScale:1.0]]
[2023.06.01-21.53.11:854][  0]LogConfig: Setting CVar [[r.ParticleLightQuality:2]]
[2023.06.01-21.53.11:854][  0]LogConfig: Setting CVar [[r.SkyAtmosphere.AerialPerspectiveLUT.FastApplyOnOpaque:1 ; Always have FastSkyLUT 1 in this case to avoid wrong sky]]
[2023.06.01-21.53.11:854][  0]LogConfig: Setting CVar [[r.SkyAtmosphere.AerialPerspectiveLUT.SampleCountMaxPerSlice:4]]
[2023.06.01-21.53.11:854][  0]LogConfig: Setting CVar [[r.SkyAtmosphere.AerialPerspectiveLUT.DepthResolution:16.0]]
[2023.06.01-21.53.11:854][  0]LogConfig: Setting CVar [[r.SkyAtmosphere.FastSkyLUT:1]]
[2023.06.01-21.53.11:854][  0]LogConfig: Setting CVar [[r.SkyAtmosphere.FastSkyLUT.SampleCountMin:4.0]]
[2023.06.01-21.53.11:854][  0]LogConfig: Setting CVar [[r.SkyAtmosphere.FastSkyLUT.SampleCountMax:128.0]]
[2023.06.01-21.53.11:854][  0]LogConfig: Setting CVar [[r.SkyAtmosphere.SampleCountMin:4.0]]
[2023.06.01-21.53.11:854][  0]LogConfig: Setting CVar [[r.SkyAtmosphere.SampleCountMax:128.0]]
[2023.06.01-21.53.11:854][  0]LogConfig: Setting CVar [[r.SkyAtmosphere.TransmittanceLUT.UseSmallFormat:0]]
[2023.06.01-21.53.11:854][  0]LogConfig: Setting CVar [[r.SkyAtmosphere.TransmittanceLUT.SampleCount:10.0]]
[2023.06.01-21.53.11:854][  0]LogConfig: Setting CVar [[r.SkyAtmosphere.MultiScatteringLUT.SampleCount:15.0]]
[2023.06.01-21.53.11:854][  0]LogConfig: Setting CVar [[r.SkyLight.RealTimeReflectionCapture:1]]
[2023.06.01-21.53.11:854][  0]LogConfig: Setting CVar [[fx.Niagara.QualityLevel:3]]
[2023.06.01-21.53.11:854][  0]LogConfig: Applying CVar settings from Section [FoliageQuality@3] File [../../../MazeGame/Saved/Config/WindowsNoEditor/Scalability.ini]
[2023.06.01-21.53.11:854][  0]LogConfig: Setting CVar [[foliage.DensityScale:1.0]]
[2023.06.01-21.53.11:854][  0]LogConfig: Setting CVar [[grass.DensityScale:1.0]]
[2023.06.01-21.53.11:854][  0]LogConfig: Applying CVar settings from Section [ShadingQuality@3] File [../../../MazeGame/Saved/Config/WindowsNoEditor/Scalability.ini]
[2023.06.01-21.53.11:854][  0]LogConfig: Setting CVar [[r.HairStrands.SkyLighting.IntegrationType:2]]
[2023.06.01-21.53.11:854][  0]LogConfig: Setting CVar [[r.HairStrands.SkyAO.SampleCount:4]]
[2023.06.01-21.53.11:855][  0]LogConfig: Setting CVar [[r.HairStrands.Visibility.MSAA.SamplePerPixel:4]]
[2023.06.01-21.53.11:855][  0]LogConfig: Applying CVar settings from Section [Startup] File [../../../Engine/Config/ConsoleVariables.ini]
[2023.06.01-21.53.11:855][  0]LogConfig: Setting CVar [[net.UseAdaptiveNetUpdateFrequency:0]]
[2023.06.01-21.53.11:855][  0]LogConfig: Setting CVar [[p.chaos.AllowCreatePhysxBodies:1]]
[2023.06.01-21.53.11:855][  0]LogConfig: Setting CVar [[fx.SkipVectorVMBackendOptimizations:1]]
[2023.06.01-21.53.11:855][  0]LogConfig: Applying CVar settings from Section [ConsoleVariables] File [../../../MazeGame/Saved/Config/WindowsNoEditor/Engine.ini]
[2023.06.01-21.53.11:855][  0]LogInit: Computer: DESKTOP-9D0F96I
[2023.06.01-21.53.11:855][  0]LogInit: User: domim
[2023.06.01-21.53.11:855][  0]LogInit: CPU Page size=4096, Cores=6
[2023.06.01-21.53.11:855][  0]LogInit: High frequency timer resolution =10.000000 MHz
[2023.06.01-21.53.11:856][  0]LogMemory: Memory total: Physical=8.0GB (8GB approx)
[2023.06.01-21.53.11:856][  0]LogMemory: Platform Memory Stats for WindowsNoEditor
[2023.06.01-21.53.11:856][  0]LogMemory: Process Physical Memory: 90.65 MB used, 90.66 MB peak
[2023.06.01-21.53.11:856][  0]LogMemory: Process Virtual Memory: 81.32 MB used, 81.32 MB peak
[2023.06.01-21.53.11:856][  0]LogMemory: Physical Memory: 5699.08 MB used,  2444.11 MB free, 8143.18 MB total
[2023.06.01-21.53.11:856][  0]LogMemory: Virtual Memory: 134212160.00 MB used,  5571.48 MB free, 134217728.00 MB total
[2023.06.01-21.53.11:859][  0]LogWindows: WindowsPlatformFeatures enabled
[2023.06.01-21.53.12:155][  0]LogInit: Physics initialised using underlying interface: PhysX
[2023.06.01-21.53.12:156][  0]LogInit: Using OS detected language (en-US).
[2023.06.01-21.53.12:156][  0]LogInit: Using OS detected locale (en-US).
[2023.06.01-21.53.12:157][  0]LogTextLocalizationManager: No specific localization for 'en-US' exists, so the 'en' localization will be used.
[2023.06.01-21.53.12:196][  0]LogWindowsTextInputMethodSystem: Display: IME system deactivated.
[2023.06.01-21.53.12:217][  0]LogSlate: New Slate User Created.  User Index 0, Is Virtual User: 0
[2023.06.01-21.53.12:217][  0]LogSlate: Slate User Registered.  User Index 0, Is Virtual User: 0
[2023.06.01-21.53.12:272][  0]LogD3D11RHI: Loaded GFSDK_Aftermath_Lib.x64.dll
[2023.06.01-21.53.12:278][  0]LogHMD: Failed to initialize OpenVR with code 110
[2023.06.01-21.53.12:278][  0]LogD3D11RHI: D3D11 min allowed feature level: 11_0
[2023.06.01-21.53.12:278][  0]LogD3D11RHI: D3D11 max allowed feature level: 11_0
[2023.06.01-21.53.12:278][  0]LogD3D11RHI: D3D11 adapters:
[2023.06.01-21.53.12:444][  0]LogD3D11RHI:    0. 'NVIDIA GeForce GTX 1050 Ti' (Feature Level 11_0)
[2023.06.01-21.53.12:444][  0]LogD3D11RHI:       4017/0/4071 MB DedicatedVideo/DedicatedSystem/SharedSystem, Outputs:1, VendorId:0x10de
[2023.06.01-21.53.12:447][  0]LogD3D11RHI:    1. 'Microsoft Basic Render Driver' (Feature Level 11_0)
[2023.06.01-21.53.12:447][  0]LogD3D11RHI:       0/0/4071 MB DedicatedVideo/DedicatedSystem/SharedSystem, Outputs:0, VendorId:0x1414
[2023.06.01-21.53.12:447][  0]LogD3D11RHI: Chosen D3D11 Adapter:
[2023.06.01-21.53.12:447][  0]LogD3D11RHI:     Description : NVIDIA GeForce GTX 1050 Ti
[2023.06.01-21.53.12:447][  0]LogD3D11RHI:     VendorId    : 10de
[2023.06.01-21.53.12:447][  0]LogD3D11RHI:     DeviceId    : 1c82
[2023.06.01-21.53.12:447][  0]LogD3D11RHI:     SubSysId    : 1c8210de
[2023.06.01-21.53.12:447][  0]LogD3D11RHI:     Revision    : 00a1
[2023.06.01-21.53.12:447][  0]LogD3D11RHI:     DedicatedVideoMemory : 4212129792 bytes
[2023.06.01-21.53.12:447][  0]LogD3D11RHI:     DedicatedSystemMemory : 0 bytes
[2023.06.01-21.53.12:448][  0]LogD3D11RHI:     SharedSystemMemory : 4269373440 bytes
[2023.06.01-21.53.12:448][  0]LogD3D11RHI:     AdapterLuid : 0 42281
[2023.06.01-21.53.12:457][  0]LogD3D11RHI: Creating new Direct3DDevice
[2023.06.01-21.53.12:457][  0]LogD3D11RHI:     GPU DeviceId: 0x1c82 (for the marketing name, search the web for "GPU Device Id")
[2023.06.01-21.53.12:457][  0]LogWindows: EnumDisplayDevices:
[2023.06.01-21.53.12:457][  0]LogWindows:    0. 'NVIDIA GeForce GTX 1050 Ti' (P:1 D:1)
[2023.06.01-21.53.12:458][  0]LogWindows:    1. 'NVIDIA GeForce GTX 1050 Ti' (P:0 D:0)
[2023.06.01-21.53.12:458][  0]LogWindows:    2. 'NVIDIA GeForce GTX 1050 Ti' (P:0 D:0)
[2023.06.01-21.53.12:459][  0]LogWindows:    3. 'NVIDIA GeForce GTX 1050 Ti' (P:0 D:0)
[2023.06.01-21.53.12:459][  0]LogWindows: DebugString: FoundDriverCount:4 
[2023.06.01-21.53.12:459][  0]LogD3D11RHI:     Adapter Name: NVIDIA GeForce GTX 1050 Ti
[2023.06.01-21.53.12:459][  0]LogD3D11RHI:   Driver Version: 531.18 (internal:31.0.15.3118, unified:531.18)
[2023.06.01-21.53.12:459][  0]LogD3D11RHI:      Driver Date: 2-24-2023
[2023.06.01-21.53.12:459][  0]LogRHI: Texture pool is 2811 MB (70% of 4017 MB)
[2023.06.01-21.53.12:459][  0]LogD3D11RHI: Creating D3DDevice using adapter:
[2023.06.01-21.53.12:459][  0]LogD3D11RHI:     Description : NVIDIA GeForce GTX 1050 Ti
[2023.06.01-21.53.12:459][  0]LogD3D11RHI:     VendorId    : 10de
[2023.06.01-21.53.12:459][  0]LogD3D11RHI:     DeviceId    : 1c82
[2023.06.01-21.53.12:459][  0]LogD3D11RHI:     SubSysId    : 1c8210de
[2023.06.01-21.53.12:459][  0]LogD3D11RHI:     Revision    : 00a1
[2023.06.01-21.53.12:459][  0]LogD3D11RHI:     DedicatedVideoMemory : 4212129792 bytes
[2023.06.01-21.53.12:459][  0]LogD3D11RHI:     DedicatedSystemMemory : 0 bytes
[2023.06.01-21.53.12:459][  0]LogD3D11RHI:     SharedSystemMemory : 4269373440 bytes
[2023.06.01-21.53.12:459][  0]LogD3D11RHI:     AdapterLuid : 0 42281
[2023.06.01-21.53.12:580][  0]LogD3D11RHI: RHI has support for 64 bit atomics
[2023.06.01-21.53.12:581][  0]LogD3D11RHI: Async texture creation enabled
[2023.06.01-21.53.12:581][  0]LogD3D11RHI: Array index from any shader is supported
[2023.06.01-21.53.12:620][  0]LogD3D11RHI: GPU Timing Frequency: 1000.000000 (Debug: 2 1)
[2023.06.01-21.53.12:722][  0]LogRHI: GeForceNow SDK initialized: 1
[2023.06.01-21.53.12:723][  0]LogRendererCore: Ray tracing is disabled. Reason: r.RayTracing=0.
[2023.06.01-21.53.12:732][  0]LogShaderLibrary: Display: Using ../../../MazeGame/Content/ShaderArchive-Global-PCD3D_SM5.ushaderbytecode for material shader code. Total 1951 unique shaders.
[2023.06.01-21.53.12:733][  0]LogShaderLibrary: Display: Cooked Context: Using Shared Shader Library Global
[2023.06.01-21.53.12:733][  0]LogShaderLibrary: Display: Logical shader library 'Global' has been created, components 1
[2023.06.01-21.53.12:734][  0]LogTemp: Warning: Clearing the OS Cache
[2023.06.01-21.53.12:734][  0]LogODSC: ODSC Thread active.
[2023.06.01-21.53.12:746][  0]LogPakFile: New pak file ../../../MazeGame/Content/Paks/MazeGame-WindowsNoEditor.pak added to pak precacher.
[2023.06.01-21.53.12:788][  0]LogSlate: Using FreeType 2.10.0
[2023.06.01-21.53.12:789][  0]LogSlate: SlateFontServices - WITH_FREETYPE: 1, WITH_HARFBUZZ: 1
[2023.06.01-21.53.12:865][  0]LogShaderLibrary: Display: Using ../../../MazeGame/Content/ShaderArchive-MazeGame-PCD3D_SM5.ushaderbytecode for material shader code. Total 1524 unique shaders.
[2023.06.01-21.53.12:865][  0]LogShaderLibrary: Display: Cooked Context: Using Shared Shader Library MazeGame
[2023.06.01-21.53.12:865][  0]LogShaderLibrary: Display: Logical shader library 'MazeGame' has been created, components 1
[2023.06.01-21.53.12:866][  0]LogRHI: Display: Opened pipeline cache after state change and enqueued 0 of 0 tasks for precompile.
[2023.06.01-21.53.12:867][  0]LogShaderLibrary: Display: Using ../../../MazeGame/Content/ShaderArchive-MazeGame-PCD3D_SM5.ushaderbytecode for material shader code. Total 1524 unique shaders.
[2023.06.01-21.53.12:867][  0]LogShaderLibrary: Display: Cooked Context: Using Shared Shader Library MazeGame
[2023.06.01-21.53.12:867][  0]LogRHI: Display: Opened pipeline cache after state change and enqueued 0 of 0 tasks for precompile.
[2023.06.01-21.53.12:867][  0]LogRHI: Display: Failed to open default shader pipeline cache for MazeGame using shader platform 0.
[2023.06.01-21.53.12:867][  0]LogRHI: Display: Failed to open default shader pipeline cache for MazeGame using shader platform 0.
[2023.06.01-21.53.12:867][  0]LogInit: Using OS detected language (en-US).
[2023.06.01-21.53.12:867][  0]LogInit: Using OS detected locale (en-US).
[2023.06.01-21.53.12:868][  0]LogTextLocalizationManager: No localization for 'en-US' exists, so 'en' will be used for the language.
[2023.06.01-21.53.12:868][  0]LogTextLocalizationManager: No localization for 'en-US' exists, so 'en' will be used for the locale.
[2023.06.01-21.53.12:868][  0]LogSlate: FontCache flush requested. Reason: Culture for localization was changed
[2023.06.01-21.53.12:868][  0]LogSlate: FontCache flush requested. Reason: Culture for localization was changed
[2023.06.01-21.53.12:877][  0]LogTextLocalizationManager: Compacting localization data took   1.93ms
[2023.06.01-21.53.12:877][  0]LogAssetRegistry: FAssetRegistry took 0.0068 seconds to start up
[2023.06.01-21.53.13:129][  0]LogStreaming: Display: FlushAsyncLoading: 1 QueuedPackages, 0 AsyncPackages
[2023.06.01-21.53.13:134][  0]LogPackageLocalizationCache: Processed 26 localized package path(s) for 1 prioritized culture(s) in 0.001445 seconds
[2023.06.01-21.53.13:159][  0]LogSerialization: Display: AllowBulkDataInIoStore: 'true'
[2023.06.01-21.53.13:160][  0]LogInit: Selected Device Profile: [WindowsNoEditor]
[2023.06.01-21.53.13:162][  0]LogInit: Active device profile: [0000014559765F80][000001454AB30010 49] WindowsNoEditor
[2023.06.01-21.53.13:162][  0]LogInit: Profiles: [0000014559766280][0000014558BE6DC0 49] Windows, [0000014559765F80][000001454AB30010 49] WindowsNoEditor, 
[2023.06.01-21.53.13:223][  0]LogNetVersion: MazeGame 1.0.0, NetCL: 17155196, EngineNetVer: 17, GameNetVer: 0 (Checksum: 1401903651)
[2023.06.01-21.53.13:351][  0]LogAudioCaptureCore: Display: No Audio Capture implementations found. Audio input will be silent.
[2023.06.01-21.53.13:351][  0]LogAudioCaptureCore: Display: No Audio Capture implementations found. Audio input will be silent.
[2023.06.01-21.53.13:353][  0]LogHMD: PokeAHoleMaterial loaded successfully
[2023.06.01-21.53.13:449][  0]LogMoviePlayer: Initializing movie player
[2023.06.01-21.53.13:451][  0]LogNiagaraDebuggerClient: Niagara Debugger Client Initialized | Session: 487F536C4BD2E89EFEC4C0ABAC8AE1DF | Instance: 4E9FF7074ACA290EA077899BF36C4862 (DESKTOP-9D0F96I-17060).
[2023.06.01-21.53.13:455][  0]LogAndroidPermission: UAndroidPermissionCallbackProxy::GetInstance
[2023.06.01-21.53.13:456][  0]LogOcInput: OculusInput pre-init called
[2023.06.01-21.53.13:463][  0]LogUObjectArray: 15771 objects as part of root set at end of initial load.
[2023.06.01-21.53.13:463][  0]LogUObjectArray: 2 objects are not in the root set, but can never be destroyed because they are in the DisregardForGC set.
[2023.06.01-21.53.13:463][  0]LogUObjectAllocator: 3198280 out of 0 bytes used by permanent object pool.
[2023.06.01-21.53.13:463][  0]LogUObjectArray: CloseDisregardForGC: 15771/15771 objects in disregard for GC pool
[2023.06.01-21.53.13:467][  0]LogEngine: Initializing Engine...
[2023.06.01-21.53.13:543][  0]LogHMD: Failed to enumerate extensions. Please check that you have a valid OpenXR runtime installed.
[2023.06.01-21.53.13:544][  0]LogHMD: Failed to initialize OpenVR with code 110
[2023.06.01-21.53.13:546][  0]LogStats: UGameplayTagsManager::InitializeManager -  0.001 s
[2023.06.01-21.53.13:666][  0]LogInit: Initializing FReadOnlyCVARCache
[2023.06.01-21.53.13:667][  0]LogAudio: Display: Initializing Audio Device Manager...
[2023.06.01-21.53.13:668][  0]LogAudio: Display: Loading Default Audio Settings Objects...
[2023.06.01-21.53.13:669][  0]LogAudio: Display: No default SoundConcurrencyObject specified (or failed to load).
[2023.06.01-21.53.13:669][  0]LogAudio: Display: Audio Device Manager Initialized
[2023.06.01-21.53.13:669][  0]LogAudio: Display: Creating Audio Device:                 Id: 1, Scope: Shared, Realtime: True
[2023.06.01-21.53.13:670][  0]LogAudioMixer: Display: Audio Mixer Platform Settings:
[2023.06.01-21.53.13:670][  0]LogAudioMixer: Display: 	Sample Rate:						  48000
[2023.06.01-21.53.13:670][  0]LogAudioMixer: Display: 	Callback Buffer Frame Size Requested: 1024
[2023.06.01-21.53.13:670][  0]LogAudioMixer: Display: 	Callback Buffer Frame Size To Use:	  1024
[2023.06.01-21.53.13:670][  0]LogAudioMixer: Display: 	Number of buffers to queue:			  2
[2023.06.01-21.53.13:670][  0]LogAudioMixer: Display: 	Max Channels (voices):				  32
[2023.06.01-21.53.13:670][  0]LogAudioMixer: Display: 	Number of Async Source Workers:		  0
[2023.06.01-21.53.13:670][  0]LogAudio: Display: AudioDevice MaxSources: 32
[2023.06.01-21.53.13:671][  0]LogAudio: Display: Audio Spatialization Plugin: None (built-in).
[2023.06.01-21.53.13:671][  0]LogAudio: Display: Audio Reverb Plugin: None (built-in).
[2023.06.01-21.53.13:671][  0]LogAudio: Display: Audio Occlusion Plugin: None (built-in).
[2023.06.01-21.53.13:671][  0]LogAudioMixer: Display: Initializing audio mixer.
[2023.06.01-21.53.13:778][  0]LogAudioDebug: Display: Lib vorbis DLL was dynamically loaded.
[2023.06.01-21.53.13:786][  0]LogAudioMixer: Display: 0: FrontLeft
[2023.06.01-21.53.13:786][  0]LogAudioMixer: Display: 1: FrontRight
[2023.06.01-21.53.13:805][  0]LogAudioMixer: Display: Using Audio Device Headphones (High Definition Audio Device)
[2023.06.01-21.53.13:807][  0]LogAudioMixer: Display: Initializing Sound Submixes...
[2023.06.01-21.53.13:809][  0]LogAudioMixer: Display: Creating Master Submix 'MasterSubmixDefault'
[2023.06.01-21.53.13:809][  0]LogAudioMixer: Display: Creating Master Submix 'MasterReverbSubmixDefault'
[2023.06.01-21.53.13:812][  0]LogAudioMixer: Display: Creating Master Submix 'MasterEQSubmixDefault'
[2023.06.01-21.53.13:812][  0]LogAudioMixer: FMixerPlatformXAudio2::StartAudioStream() called
[2023.06.01-21.53.13:812][  0]LogAudioMixer: Display: Output buffers initialized: Frames=1024, Channels=2, Samples=2048
[2023.06.01-21.53.13:813][  0]LogAudioMixer: Display: Starting AudioMixerPlatformInterface::RunInternal()
[2023.06.01-21.53.13:813][  0]LogAudioMixer: Display: FMixerPlatformXAudio2::SubmitBuffer() called for the first time
[2023.06.01-21.53.13:813][  0]LogInit: FAudioDevice initialized.
[2023.06.01-21.53.13:816][  0]LogNetVersion: Set ProjectVersion to beta :). Version Checksum will be recalculated on next use.
[2023.06.01-21.53.13:816][  0]LogInit: Texture streaming: Enabled
[2023.06.01-21.53.13:857][  0]LogAudio: Display: Audio Device (ID: 1) registered with world 'Untitled'.
[2023.06.01-21.53.13:860][  0]LogSlate: Updating window title bar state: overlay mode, drag disabled, window buttons hidden, title bar hidden
[2023.06.01-21.53.13:863][  0]LogInit: Display: Game Engine Initialized.
[2023.06.01-21.53.13:866][  0]LogInit: Display: Starting Game.
[2023.06.01-21.53.13:867][  0]LogNet: Browse: /Game/Level1?Name=Player
[2023.06.01-21.53.13:868][  0]LogLoad: LoadMap: /Game/Level1?Name=Player
[2023.06.01-21.53.13:869][  0]LogWorld: BeginTearingDown for /Temp/Untitled_0
[2023.06.01-21.53.13:876][  0]LogWorld: UWorld::CleanupWorld for Untitled, bSessionEnded=true, bCleanupResources=true
[2023.06.01-21.53.13:878][  0]LogSlate: InvalidateAllWidgets triggered.  All widgets were invalidated
[2023.06.01-21.53.13:886][  0]LogAudio: Display: Audio Device unregistered from world 'None'.
[2023.06.01-21.53.13:891][  0]LogUObjectHash: Compacting FUObjectHashTables data took   1.39ms
[2023.06.01-21.53.13:915][  0]LogAudio: Display: Audio Device (ID: 1) registered with world 'Level1'.
[2023.06.01-21.53.13:920][  0]LogAIModule: Creating AISystem for world Level1
[2023.06.01-21.53.13:922][  0]LogLoad: Game class is 'GameModeBase'
[2023.06.01-21.53.13:930][  0]LogWorld: Bringing World /Game/Level1.Level1 up for play (max tick rate 0) at 2023.06.01-23.53.13
[2023.06.01-21.53.13:930][  0]LogWorld: Bringing up level for play took: 0.007554
[2023.06.01-21.53.13:943][  0]LogLoad: Took 0.075200 seconds to LoadMap(/Game/Level1)
[2023.06.01-21.53.13:977][  0]LogSlate: Took 0.001647 seconds to synchronously load lazily loaded font '../../../Engine/Content/Slate/Fonts/Roboto-Regular.ttf' (155K)
[2023.06.01-21.53.13:996][  0]LogRenderer: Reallocating scene render targets to support 1920x1080 Format 10 NumSamples 1 (Frame:1).
[2023.06.01-21.53.13:996][  0]LogRHI: Display: ShaderPipelineCache: Paused Batching. 1
[2023.06.01-21.53.13:996][  0]LogPakFile: AllPaks IndexSizes: DirectoryHashSize=203940, PathHashSize=16, EntriesSize=32752, TotalSize=236708
[2023.06.01-21.53.13:996][  0]LogRHI: Display: ShaderPipelineCache: Resumed Batching. 0
[2023.06.01-21.53.13:996][  0]LogRHI: Display: ShaderPipelineCache: Batching Resumed.
[2023.06.01-21.53.13:996][  0]LogInit: Display: Engine is initialized. Leaving FEngineLoop::Init()
[2023.06.01-21.53.13:997][  0]LogLoad: (Engine Initialization) Total time: 2.86 seconds
[2023.06.01-21.53.14:053][  0]LogContentStreaming: Texture pool size now 1000 MB
[2023.06.01-21.53.14:059][  0]LogSlate: InvalidateAllWidgets triggered.  All widgets were invalidated
[2023.06.01-21.53.14:137][  0]LogSlate: Slate font cache was flushed
[2023.06.01-21.53.14:158][  1]LogSlate: Took 0.000368 seconds to synchronously load lazily loaded font '../../../Engine/Content/Slate/Fonts/Roboto-Regular.ttf' (155K)
[2023.06.01-21.53.16:172][198]Closing by request
[2023.06.01-21.53.16:172][198]LogWindows: FPlatformMisc::RequestExit(0)
[2023.06.01-21.53.16:172][198]LogWindows: FPlatformMisc::RequestExitWithStatus(0, 0)
[2023.06.01-21.53.16:172][198]LogCore: Engine exit requested (reason: Win RequestExit)
[2023.06.01-21.53.16:179][199]LogCore: Engine exit requested (reason: EngineExit() was called; note: exit was already requested)
[2023.06.01-21.53.16:179][199]LogInit: Display: PreExit Game.
[2023.06.01-21.53.16:191][199]LogWorld: BeginTearingDown for /Game/Level1
[2023.06.01-21.53.16:193][199]LogWorld: UWorld::CleanupWorld for Level1, bSessionEnded=true, bCleanupResources=true
[2023.06.01-21.53.16:196][199]LogSlate: InvalidateAllWidgets triggered.  All widgets were invalidated
[2023.06.01-21.53.16:548][199]LogAudio: Display: Beginning Audio Device Manager Shutdown (Module: AudioMixerXAudio2)...
[2023.06.01-21.53.16:548][199]LogAudio: Display: Destroying 1 Remaining Audio Device(s)...
[2023.06.01-21.53.16:548][199]LogAudio: Display: Audio Device unregistered from world 'Level1'.
[2023.06.01-21.53.16:550][199]LogAudioMixer: FMixerPlatformXAudio2::StopAudioStream() called
[2023.06.01-21.53.16:551][199]LogAudioMixer: FMixerPlatformXAudio2::StopAudioStream() called
[2023.06.01-21.53.16:571][199]LogAudio: Display: Audio Device Manager Shutdown
[2023.06.01-21.53.16:571][199]LogSlate: Request Window 'MazeGame (64-bit Development PCD3D_SM5) ' being destroyed
[2023.06.01-21.53.16:579][199]LogSlate: Window 'MazeGame (64-bit Development PCD3D_SM5) ' being destroyed
[2023.06.01-21.53.16:580][199]LogWindowsTextInputMethodSystem: Display: IME system deactivated.
[2023.06.01-21.53.16:593][199]LogExit: Preparing to exit.
[2023.06.01-21.53.16:593][199]LogMoviePlayer: Shutting down movie player
[2023.06.01-21.53.16:613][199]LogSlate: Updating window title bar state: overlay mode, drag disabled, window buttons hidden, title bar hidden
[2023.06.01-21.53.16:630][199]LogDemo: Cleaned up 0 splitscreen connections with owner deletion
[2023.06.01-21.53.16:634][199]LogExit: Game engine shut down
[2023.06.01-21.53.16:688][199]LogExit: Object subsystem successfully closed.
[2023.06.01-21.53.16:714][199]LogModuleManager: Shutting down and abandoning module AutomationController (358)
[2023.06.01-21.53.16:715][199]LogModuleManager: Shutting down and abandoning module AutomationWorker (356)
[2023.06.01-21.53.16:715][199]LogModuleManager: Shutting down and abandoning module Voice (354)
[2023.06.01-21.53.16:715][199]LogModuleManager: Shutting down and abandoning module AIModule (352)
[2023.06.01-21.53.16:716][199]LogModuleManager: Shutting down and abandoning module GameplayDebugger (351)
[2023.06.01-21.53.16:716][199]LogModuleManager: Shutting down and abandoning module NavigationSystem (349)
[2023.06.01-21.53.16:716][199]LogModuleManager: Shutting down and abandoning module WebMMediaFactory (346)
[2023.06.01-21.53.16:716][199]LogModuleManager: Shutting down and abandoning module WebMMedia (344)
[2023.06.01-21.53.16:716][199]LogModuleManager: Shutting down and abandoning module OpenXRInput (342)
[2023.06.01-21.53.16:716][199]LogModuleManager: Shutting down and abandoning module OculusMR (340)
[2023.06.01-21.53.16:716][199]LogModuleManager: Shutting down and abandoning module WmfMediaFactory (338)
[2023.06.01-21.53.16:716][199]LogModuleManager: Shutting down and abandoning module OpenExrWrapper (336)
[2023.06.01-21.53.16:716][199]LogModuleManager: Shutting down and abandoning module ImgMediaFactory (334)
[2023.06.01-21.53.16:716][199]LogModuleManager: Shutting down and abandoning module AvfMediaFactory (332)
[2023.06.01-21.53.16:716][199]LogModuleManager: Shutting down and abandoning module CharacterAI (330)
[2023.06.01-21.53.16:716][199]LogModuleManager: Shutting down and abandoning module PlanarCut (328)
[2023.06.01-21.53.16:716][199]LogModuleManager: Shutting down and abandoning module SessionServices (326)
[2023.06.01-21.53.16:716][199]LogModuleManager: Shutting down and abandoning module LiveCoding (324)
[2023.06.01-21.53.16:717][199]LogModuleManager: Shutting down and abandoning module LevelSequence (322)
[2023.06.01-21.53.16:717][199]LogModuleManager: Shutting down and abandoning module MovieSceneTracks (320)
[2023.06.01-21.53.16:717][199]LogModuleManager: Shutting down and abandoning module MovieScene (318)
[2023.06.01-21.53.16:717][199]LogModuleManager: Shutting down and abandoning module StreamingPauseRendering (316)
[2023.06.01-21.53.16:718][199]LogModuleManager: Shutting down and abandoning module AudioMixerXAudio2 (314)
[2023.06.01-21.53.16:718][199]LogModuleManager: Shutting down and abandoning module AudioMixerCore (313)
[2023.06.01-21.53.16:718][199]LogModuleManager: Shutting down and abandoning module ImageWriteQueue (310)
[2023.06.01-21.53.16:719][199]LogModuleManager: Shutting down and abandoning module ProfilerService (308)
[2023.06.01-21.53.16:969][199]LogModuleManager: Shutting down and abandoning module TaskGraph (306)
[2023.06.01-21.53.16:969][199]LogModuleManager: Shutting down and abandoning module Synthesis (304)
[2023.06.01-21.53.16:969][199]LogModuleManager: Shutting down and abandoning module TakeMovieScene (302)
[2023.06.01-21.53.16:969][199]LogModuleManager: Shutting down and abandoning module LiveLinkMovieScene (300)
[2023.06.01-21.53.16:969][199]LogModuleManager: Shutting down and abandoning module LiveLinkComponents (298)
[2023.06.01-21.53.16:969][199]LogModuleManager: Shutting down and abandoning module LiveLink (296)
[2023.06.01-21.53.17:459][199]LogModuleManager: Shutting down and abandoning module OculusInput (294)
[2023.06.01-21.53.17:459][199]LogModuleManager: Shutting down and abandoning module MobilePatchingUtils (292)
[2023.06.01-21.53.17:459][199]LogModuleManager: Shutting down and abandoning module GooglePAD (290)
[2023.06.01-21.53.17:459][199]LogModuleManager: Shutting down and abandoning module CustomMeshComponent (288)
[2023.06.01-21.53.17:459][199]LogModuleManager: Shutting down and abandoning module CableComponent (286)
[2023.06.01-21.53.17:459][199]LogModuleManager: Shutting down and abandoning module AudioCapture (284)
[2023.06.01-21.53.17:459][199]LogModuleManager: Shutting down and abandoning module AudioCaptureRtAudio (283)
[2023.06.01-21.53.17:459][199]LogModuleManager: Shutting down and abandoning module AssetTags (280)
[2023.06.01-21.53.17:459][199]LogModuleManager: Shutting down and abandoning module ArchVisCharacter (278)
[2023.06.01-21.53.17:459][199]LogModuleManager: Shutting down and abandoning module AppleImageUtils (276)
[2023.06.01-21.53.17:460][199]LogModuleManager: Shutting down and abandoning module AndroidPermission (274)
[2023.06.01-21.53.17:460][199]LogModuleManager: Shutting down and abandoning module ActorLayerUtilities (272)
[2023.06.01-21.53.17:460][199]LogModuleManager: Shutting down and abandoning module MediaCompositing (270)
[2023.06.01-21.53.17:460][199]LogModuleManager: Shutting down and abandoning module ImgMedia (268)
[2023.06.01-21.53.17:460][199]LogModuleManager: Shutting down and abandoning module MagicLeapLightEstimation (266)
[2023.06.01-21.53.17:460][199]LogModuleManager: Shutting down and abandoning module MagicLeapHelperVulkan (264)
[2023.06.01-21.53.17:460][199]LogModuleManager: Shutting down and abandoning module MagicLeapHelperOpenGL (262)
[2023.06.01-21.53.17:460][199]LogModuleManager: Shutting down and abandoning module MagicLeapAudio (260)
[2023.06.01-21.53.17:460][199]LogModuleManager: Shutting down and abandoning module MagicLeapSharedWorld (258)
[2023.06.01-21.53.17:460][199]LogModuleManager: Shutting down and abandoning module OpenImageDenoise (256)
[2023.06.01-21.53.17:460][199]LogModuleManager: Shutting down and abandoning module MotoSynth (254)
[2023.06.01-21.53.17:460][199]LogModuleManager: Shutting down and abandoning module ChaosNiagara (252)
[2023.06.01-21.53.17:460][199]LogModuleManager: Shutting down and abandoning module ProceduralMeshComponent (250)
[2023.06.01-21.53.17:460][199]LogModuleManager: Shutting down and abandoning module GeometryCollectionTracks (248)
[2023.06.01-21.53.17:460][199]LogModuleManager: Shutting down and abandoning module EditableMesh (246)
[2023.06.01-21.53.17:460][199]LogModuleManager: Shutting down and abandoning module MeshConversion (244)
[2023.06.01-21.53.17:460][199]LogModuleManager: Shutting down and abandoning module DynamicMesh (242)
[2023.06.01-21.53.17:460][199]LogModuleManager: Shutting down and abandoning module GeometryAlgorithms (240)
[2023.06.01-21.53.17:460][199]LogModuleManager: Shutting down and abandoning module GeometricObjects (238)
[2023.06.01-21.53.17:460][199]LogModuleManager: Shutting down and abandoning module BackChannel (236)
[2023.06.01-21.53.17:460][199]LogModuleManager: Shutting down and abandoning module AutomationUtils (234)
[2023.06.01-21.53.17:460][199]LogModuleManager: Shutting down and abandoning module GeometryCacheTracks (232)
[2023.06.01-21.53.17:460][199]LogModuleManager: Shutting down and abandoning module GeometryCache (230)
[2023.06.01-21.53.17:460][199]LogModuleManager: Shutting down and abandoning module UObjectPlugin (228)
[2023.06.01-21.53.17:460][199]LogModuleManager: Shutting down and abandoning module OodleNetworkHandlerComponent (226)
[2023.06.01-21.53.17:460][199]LogModuleManager: Shutting down and abandoning module TemplateSequence (224)
[2023.06.01-21.53.17:460][199]LogModuleManager: Shutting down and abandoning module AudioSynesthesia (222)
[2023.06.01-21.53.17:460][199]LogModuleManager: Shutting down and abandoning module AudioSynesthesiaCore (220)
[2023.06.01-21.53.17:461][199]LogModuleManager: Shutting down and abandoning module SoundFields (218)
[2023.06.01-21.53.17:461][199]LogModuleManager: Shutting down and abandoning module RuntimePhysXCooking (216)
[2023.06.01-21.53.17:461][199]LogModuleManager: Shutting down and abandoning module LocationServicesBPLibrary (212)
[2023.06.01-21.53.17:461][199]LogModuleManager: Shutting down and abandoning module ActorSequence (210)
[2023.06.01-21.53.17:461][199]LogModuleManager: Shutting down and abandoning module UdpMessaging (208)
[2023.06.01-21.53.17:461][199]LogModuleManager: Shutting down and abandoning module TcpMessaging (206)
[2023.06.01-21.53.17:461][199]LogModuleManager: Shutting down and abandoning module ImgMediaEngine (204)
[2023.06.01-21.53.17:461][199]LogModuleManager: Shutting down and abandoning module MagicLeapHandMeshing (202)
[2023.06.01-21.53.17:461][199]LogModuleManager: Shutting down and abandoning module MagicLeapSecureStorage (200)
[2023.06.01-21.53.17:461][199]LogModuleManager: Shutting down and abandoning module MagicLeapPrivileges (198)
[2023.06.01-21.53.17:461][199]LogModuleManager: Shutting down and abandoning module MagicLeapPlanes (196)
[2023.06.01-21.53.17:461][199]LogModuleManager: Shutting down and abandoning module MagicLeapImageTracker (194)
[2023.06.01-21.53.17:461][199]LogModuleManager: Shutting down and abandoning module MagicLeapIdentity (192)
[2023.06.01-21.53.17:461][199]LogModuleManager: Shutting down and abandoning module MagicLeapHandTracking (190)
[2023.06.01-21.53.17:461][199]LogModuleManager: Shutting down and abandoning module MagicLeapEyeTracker (188)
[2023.06.01-21.53.17:461][199]LogModuleManager: Shutting down and abandoning module MagicLeapController (186)
[2023.06.01-21.53.17:461][199]LogModuleManager: Shutting down and abandoning module MagicLeapARPinImpl (184)
[2023.06.01-21.53.17:461][199]LogModuleManager: Shutting down and abandoning module MagicLeapAR (182)
[2023.06.01-21.53.17:461][199]LogModuleManager: Shutting down and abandoning module MagicLeapARPin (180)
[2023.06.01-21.53.17:461][199]LogModuleManager: Shutting down and abandoning module NiagaraAnimNotifies (178)
[2023.06.01-21.53.17:461][199]LogModuleManager: Shutting down and abandoning module Niagara (176)
[2023.06.01-21.53.17:461][199]LogModuleManager: Shutting down and abandoning module SignalProcessing (175)
[2023.06.01-21.53.17:461][199]LogModuleManager: Shutting down and abandoning module NiagaraCore (172)
[2023.06.01-21.53.17:462][199]LogModuleManager: Shutting down and abandoning module FacialAnimation (170)
[2023.06.01-21.53.17:462][199]LogModuleManager: Shutting down and abandoning module SignificanceManager (168)
[2023.06.01-21.53.17:462][199]LogModuleManager: Shutting down and abandoning module AnimationSharing (166)
[2023.06.01-21.53.17:462][199]LogModuleManager: Shutting down and abandoning module GameplayCameras (164)
[2023.06.01-21.53.17:462][199]LogModuleManager: Shutting down and abandoning module LightPropagationVolumeRuntime (162)
[2023.06.01-21.53.17:462][199]LogModuleManager: Shutting down and abandoning module Paper2D (160)
[2023.06.01-21.53.17:462][199]LogModuleManager: Shutting down and abandoning module WindowsMoviePlayer (158)
[2023.06.01-21.53.17:462][199]LogModuleManager: Shutting down and abandoning module WebMMoviePlayer (156)
[2023.06.01-21.53.17:462][199]LogModuleManager: Shutting down and abandoning module NetworkReplayStreaming (154)
[2023.06.01-21.53.17:462][199]LogModuleManager: Shutting down and abandoning module PacketHandler (152)
[2023.06.01-21.53.17:462][199]LogModuleManager: Shutting down and abandoning module ClothingSystemRuntimeNv (150)
[2023.06.01-21.53.17:463][199]LogModuleManager: Shutting down and abandoning module MediaAssets (148)
[2023.06.01-21.53.17:464][199]LogModuleManager: Shutting down and abandoning module Overlay (146)
[2023.06.01-21.53.17:464][199]LogModuleManager: Shutting down and abandoning module FunctionalTesting (144)
[2023.06.01-21.53.17:464][199]LogModuleManager: Shutting down and abandoning module MessageLog (142)
[2023.06.01-21.53.17:465][199]LogModuleManager: Shutting down and abandoning module UMG (140)
[2023.06.01-21.53.17:465][199]LogModuleManager: Shutting down and abandoning module SlateReflector (138)
[2023.06.01-21.53.17:468][199]LogModuleManager: Shutting down and abandoning module Slate (136)
[2023.06.01-21.53.17:468][199]LogModuleManager: Shutting down and abandoning module SlateCore (134)
[2023.06.01-21.53.17:470][199]LogModuleManager: Shutting down and abandoning module MRMesh (132)
[2023.06.01-21.53.17:470][199]LogModuleManager: Shutting down and abandoning module Messaging (130)
[2023.06.01-21.53.17:470][199]LogModuleManager: Shutting down and abandoning module HeadMountedDisplay (128)
[2023.06.01-21.53.17:470][199]LogModuleManager: Shutting down and abandoning module XAudio2 (126)
[2023.06.01-21.53.17:470][199]LogModuleManager: Shutting down and abandoning module Networking (124)
[2023.06.01-21.53.17:470][199]LogModuleManager: Shutting down and abandoning module Core (122)
[2023.06.01-21.53.17:470][199]LogModuleManager: Shutting down and abandoning module FieldSystemEngine (120)
[2023.06.01-21.53.17:470][199]LogModuleManager: Shutting down and abandoning module ImageWrapper (116)
[2023.06.01-21.53.17:470][199]LogModuleManager: Shutting down and abandoning module D3D11RHI (114)
[2023.06.01-21.53.17:470][199]LogModuleManager: Shutting down and abandoning module InputCore (112)
[2023.06.01-21.53.17:470][199]LogModuleManager: Shutting down and abandoning module Settings (110)
[2023.06.01-21.53.17:470][199]LogModuleManager: Shutting down and abandoning module PhysXCooking (108)
[2023.06.01-21.53.17:470][199]LogModuleManager: Shutting down and abandoning module Chaos (106)
[2023.06.01-21.53.17:470][199]LogModuleManager: Shutting down and abandoning module WindowsPlatformFeatures (104)
[2023.06.01-21.53.17:470][199]LogModuleManager: Shutting down and abandoning module GameplayMediaEncoder (103)
[2023.06.01-21.53.17:470][199]LogModuleManager: Shutting down and abandoning module AVEncoder (102)
[2023.06.01-21.53.17:470][199]LogModuleManager: Shutting down and abandoning module SteamVRInputDevice (98)
[2023.06.01-21.53.17:470][199]LogModuleManager: Shutting down and abandoning module SteamVRInput (96)
[2023.06.01-21.53.17:470][199]LogModuleManager: Shutting down and abandoning module SteamVR (94)
[2023.06.01-21.53.17:470][199]LogHMD: Freeing OpenVRDLLHandle.
[2023.06.01-21.53.17:470][199]LogModuleManager: Shutting down and abandoning module OpenXRHandTracking (92)
[2023.06.01-21.53.17:471][199]LogSlate: Slate User Destroyed.  User Index 0, Is Virtual User: 0
[2023.06.01-21.53.17:471][199]LogModuleManager: Shutting down and abandoning module OpenXRAR (90)
[2023.06.01-21.53.17:471][199]LogModuleManager: Shutting down and abandoning module AugmentedReality (89)
[2023.06.01-21.53.17:471][199]LogModuleManager: Shutting down and abandoning module OpenXRHMD (86)
[2023.06.01-21.53.17:471][199]LogModuleManager: Shutting down and abandoning module OpenXREyeTracker (84)
[2023.06.01-21.53.17:471][199]LogModuleManager: Shutting down and abandoning module OculusHMD (82)
[2023.06.01-21.53.17:471][199]LogModuleManager: Shutting down and abandoning module ExampleDeviceProfileSelector (80)
[2023.06.01-21.53.17:471][199]LogModuleManager: Shutting down and abandoning module ChunkDownloader (78)
[2023.06.01-21.53.17:471][199]LogModuleManager: Shutting down and abandoning module LauncherChunkInstaller (76)
[2023.06.01-21.53.17:471][199]LogModuleManager: Shutting down and abandoning module OnlineSubsystem (72)
[2023.06.01-21.53.17:472][199]LogModuleManager: Shutting down and abandoning module HTTP (67)
[2023.06.01-21.53.17:472][199]LogHttp: Display: cleaning up 0 outstanding Http requests.
[2023.06.01-21.53.17:480][199]LogModuleManager: Shutting down and abandoning module SSL (66)
[2023.06.01-21.53.17:481][199]LogModuleManager: Shutting down and abandoning module WmfMedia (62)
[2023.06.01-21.53.17:482][199]LogModuleManager: Shutting down and abandoning module Media (61)
[2023.06.01-21.53.17:482][199]LogModuleManager: Shutting down and abandoning module MediaInfo (60)
[2023.06.01-21.53.17:482][199]LogModuleManager: Shutting down and abandoning module ExrReaderGpu (56)
[2023.06.01-21.53.17:482][199]LogModuleManager: Shutting down and abandoning module MLSDK (54)
[2023.06.01-21.53.17:482][199]LogModuleManager: Shutting down and abandoning module MagicLeap (52)
[2023.06.01-21.53.17:482][199]LogModuleManager: Shutting down and abandoning module NiagaraVertexFactories (50)
[2023.06.01-21.53.17:482][199]LogModuleManager: Shutting down and abandoning module NiagaraShader (48)
[2023.06.01-21.53.17:482][199]LogModuleManager: Shutting down and abandoning module ChaosCloth (46)
[2023.06.01-21.53.17:482][199]LogModuleManager: Shutting down and abandoning module VariantManagerContent (44)
[2023.06.01-21.53.17:482][199]LogModuleManager: Shutting down and abandoning module DatasmithContent (42)
[2023.06.01-21.53.17:482][199]LogModuleManager: Shutting down and abandoning module PixWinPlugin (40)
[2023.06.01-21.53.17:482][199]LogModuleManager: Shutting down and abandoning module AISupportModule (38)
[2023.06.01-21.53.17:482][199]LogModuleManager: Shutting down and abandoning module PlatformCryptoOpenSSL (36)
[2023.06.01-21.53.17:482][199]LogModuleManager: Shutting down and abandoning module PlatformCryptoTypes (34)
[2023.06.01-21.53.17:482][199]LogModuleManager: Shutting down and abandoning module PlatformCrypto (32)
[2023.06.01-21.53.17:483][199]LogModuleManager: Shutting down and abandoning module PythonScriptPluginPreload (30)
[2023.06.01-21.53.17:483][199]LogModuleManager: Shutting down and abandoning module OodleDataCompressionFormat (28)
[2023.06.01-21.53.17:483][199]LogModuleManager: Shutting down and abandoning module RenderCore (26)
[2023.06.01-21.53.17:483][199]LogModuleManager: Shutting down and abandoning module Landscape (24)
[2023.06.01-21.53.17:483][199]LogModuleManager: Shutting down and abandoning module SlateRHIRenderer (22)
[2023.06.01-21.53.17:484][199]LogModuleManager: Shutting down and abandoning module AnimGraphRuntime (20)
[2023.06.01-21.53.17:484][199]LogModuleManager: Shutting down and abandoning module Renderer (18)
[2023.06.01-21.53.17:484][199]LogModuleManager: Shutting down and abandoning module Engine (16)
[2023.06.01-21.53.17:485][199]LogModuleManager: Shutting down and abandoning module CoreUObject (14)
[2023.06.01-21.53.17:485][199]LogModuleManager: Shutting down and abandoning module NetworkFile (12)
[2023.06.01-21.53.17:485][199]LogModuleManager: Shutting down and abandoning module CookedIterativeFile (10)
[2023.06.01-21.53.17:485][199]LogModuleManager: Shutting down and abandoning module StreamingFile (8)
[2023.06.01-21.53.17:485][199]LogModuleManager: Shutting down and abandoning module SandboxFile (6)
[2023.06.01-21.53.17:485][199]LogModuleManager: Shutting down and abandoning module PakFile (4)
[2023.06.01-21.53.17:486][199]LogModuleManager: Shutting down and abandoning module RSA (3)
[2023.06.01-21.53.17:486][199]LogContentStreaming: Display: There are 1 unreleased StreamingManagers
[2023.06.01-21.53.17:493][199]LogD3D11RHI: Shutdown
[2023.06.01-21.53.17:493][199]LogD3D11RHI: CleanupD3DDevice
[2023.06.01-21.53.17:496][199]LogExit: Exiting.
[2023.06.01-21.53.17:505][199]Log file closed, 06/01/23 23:53:17
